<?xml version='1.0' encoding='UTF-8'?>
<testsuite hostname="PC-Marion" name="PointTest" tests="8" errors="0" failures="0" skipped="0" time="0.078" timestamp="2018-10-04T15:50:27">
                     <properties>
[...]
</properties>
                     <testcase classname="PointTest" name="Point should get x coordinate" time="0.078">
                                                 
                                               </testcase><testcase classname="PointTest" name="Point should get y coordinate" time="0.0">
                                                 
                                               </testcase><testcase classname="PointTest" name="Point should not get x coordinate" time="0.0">
                                                 
                                               </testcase><testcase classname="PointTest" name="Point should not get y coordinate" time="0.0">
                                                 
                                               </testcase><testcase classname="PointTest" name="Point should have good x and y positions" time="0.0">
                                                 
                                               </testcase><testcase classname="PointTest" name="Point should not have good x and y positions" time="0.0">
                                                 
                                               </testcase><testcase classname="PointTest" name="Point should not have a good x position" time="0.0">
                                                 
                                               </testcase><testcase classname="PointTest" name="Point should not have a good y position" time="0.0">
                                                 
                                               </testcase>
                     <system-out><![CDATA[]]></system-out>
                     <system-err><![CDATA[]]></system-err>
                   </testsuite>